[handleMsg]:  Message {
  _data: {
    id: {
      fromMe: false,
      remote: '573024679206@c.us',
      id: '0DE6832CA356D68A2B',
      _serialized: 'false_573024679206@c.us_0DE6832CA356D68A2B'
    },
    body: 'ole',
    type: 'chat',
    t: 1676605199,
    notifyName: 'Yeifran',
    from: '573024679206@c.us',
    to: '573186610930@c.us',
    self: 'in',
    ack: 1,
    isNewMsg: true,
    star: false,
    kicNotified: false,
    recvFresh: true,
    isFromTemplate: false,
    thumbnail: '',
    pollInvalidated: false,
    isSentCagPollCreation: false,
    latestEditMsgKey: null,
    latestEditSenderTimestampMs: null,
    broadcast: false,
    mentionedJidList: [],
    groupMentions: [],
    isVcardOverMmsDocument: false,
    labels: [],
    hasReaction: false,
    ephemeralDuration: 0,
    ephemeralSettingTimestamp: 0,
    disappearingModeInitiator: 'chat',
    productHeaderImageRejected: false,
    lastPlaybackProgress: 0,
    isDynamicReplyButtonsMsg: false,
    isMdHistoryMsg: false,
    stickerSentTs: 0,
    isAvatar: false,
    requiresDirectConnection: false,
    pttForwardedFeaturesEnabled: true,
    isEphemeral: false,
    isStatusV3: false,
    links: []
  },
  mediaKey: undefined,
  id: {
    fromMe: false,
    remote: '573024679206@c.us',
    id: '0DE6832CA356D68A2B',
    _serialized: 'false_573024679206@c.us_0DE6832CA356D68A2B'
  },
  ack: 1,
  hasMedia: false,
  body: 'ole',
  type: 'chat',
  timestamp: 1676605199,
  from: '573024679206',
  to: '573186610930@c.us',
  author: undefined,
  deviceType: 'web',
  isForwarded: undefined,
  forwardingScore: 0,
  isStatus: false,
  isStarred: false,
  broadcast: false,
  fromMe: false,
  hasQuotedMsg: false,
  duration: undefined,
  location: undefined,
  vCards: [],
  inviteV4: undefined,
  mentionedIds: [],
  orderId: undefined,
  token: undefined,
  isGif: false,
  isEphemeral: false,
  links: []
}
[handleMsg]:  Message {
  _data: {
    id: {
      fromMe: false,
      remote: '573024679206@c.us',
      id: 'E8F06854C3A587B55D',
      _serialized: 'false_573024679206@c.us_E8F06854C3A587B55D'
    },
    body: 'empecemos',
    type: 'chat',
    t: 1676605222,
    notifyName: 'Yeifran',
    from: '573024679206@c.us',
    to: '573186610930@c.us',
    self: 'in',
    ack: 1,
    isNewMsg: true,
    star: false,
    kicNotified: false,
    recvFresh: true,
    isFromTemplate: false,
    thumbnail: '',
    pollInvalidated: false,
    isSentCagPollCreation: false,
    latestEditMsgKey: null,
    latestEditSenderTimestampMs: null,
    broadcast: false,
    mentionedJidList: [],
    groupMentions: [],
    isVcardOverMmsDocument: false,
    labels: [],
    hasReaction: false,
    ephemeralDuration: 0,
    ephemeralSettingTimestamp: 0,
    disappearingModeInitiator: 'chat',
    productHeaderImageRejected: false,
    lastPlaybackProgress: 0,
    isDynamicReplyButtonsMsg: false,
    isMdHistoryMsg: false,
    stickerSentTs: 0,
    isAvatar: false,
    requiresDirectConnection: false,
    pttForwardedFeaturesEnabled: true,
    isEphemeral: false,
    isStatusV3: false,
    links: []
  },
  mediaKey: undefined,
  id: {
    fromMe: false,
    remote: '573024679206@c.us',
    id: 'E8F06854C3A587B55D',
    _serialized: 'false_573024679206@c.us_E8F06854C3A587B55D'
  },
  ack: 1,
  hasMedia: false,
  body: 'empecemos',
  type: 'chat',
  timestamp: 1676605222,
  from: '573024679206',
  to: '573186610930@c.us',
  author: undefined,
  deviceType: 'web',
  isForwarded: undefined,
  forwardingScore: 0,
  isStatus: false,
  isStarred: false,
  broadcast: false,
  fromMe: false,
  hasQuotedMsg: false,
  duration: undefined,
  location: undefined,
  vCards: [],
  inviteV4: undefined,
  mentionedIds: [],
  orderId: undefined,
  token: undefined,
  isGif: false,
  isEphemeral: false,
  links: []
}
